<?xml version="1.0" encoding="UTF-8"?>
<testng-results ignored="0" total="1" passed="1" failed="0" skipped="0">
  <reporter-output>
  </reporter-output>
  <suite started-at="2025-09-16T17:54:42 IST" name="Default suite" finished-at="2025-09-16T17:54:45 IST" duration-ms="3193">
    <groups>
    </groups>
    <test started-at="2025-09-16T17:54:42 IST" name="Default test" finished-at="2025-09-16T17:54:45 IST" duration-ms="3193">
      <class name="MyTest">
        <test-method is-config="true" signature="beforeSuite()[pri:0, instance:MyTest@2aceadd4]" started-at="2025-09-16T17:54:42 IST" name="beforeSuite" finished-at="2025-09-16T17:54:42 IST" duration-ms="10" status="PASS">
          <reporter-output>
          </reporter-output>
        </test-method> <!-- beforeSuite -->
        <test-method is-config="true" signature="beforeClass()[pri:0, instance:MyTest@2aceadd4]" started-at="2025-09-16T17:54:42 IST" name="beforeClass" finished-at="2025-09-16T17:54:44 IST" duration-ms="2040" status="PASS">
          <reporter-output>
          </reporter-output>
        </test-method> <!-- beforeClass -->
        <test-method is-config="true" signature="beforeMethod()[pri:0, instance:MyTest@2aceadd4]" started-at="2025-09-16T17:54:44 IST" name="beforeMethod" finished-at="2025-09-16T17:54:44 IST" duration-ms="1" status="PASS">
          <reporter-output>
          </reporter-output>
        </test-method> <!-- beforeMethod -->
        <test-method signature="myTest()[pri:0, instance:MyTest@2aceadd4]" started-at="2025-09-16T17:54:44 IST" name="myTest" finished-at="2025-09-16T17:54:45 IST" duration-ms="1025" status="PASS">
          <reporter-output>
          </reporter-output>
        </test-method> <!-- myTest -->
        <test-method is-config="true" signature="afterMethod()[pri:0, instance:MyTest@2aceadd4]" started-at="2025-09-16T17:54:45 IST" name="afterMethod" finished-at="2025-09-16T17:54:45 IST" duration-ms="0" status="PASS">
          <reporter-output>
          </reporter-output>
        </test-method> <!-- afterMethod -->
        <test-method is-config="true" signature="afterClass()[pri:0, instance:MyTest@2aceadd4]" started-at="2025-09-16T17:54:45 IST" name="afterClass" finished-at="2025-09-16T17:54:45 IST" duration-ms="91" status="PASS">
          <reporter-output>
          </reporter-output>
        </test-method> <!-- afterClass -->
        <test-method is-config="true" signature="afterSuite()[pri:0, instance:MyTest@2aceadd4]" started-at="2025-09-16T17:54:45 IST" name="afterSuite" finished-at="2025-09-16T17:54:45 IST" duration-ms="1" status="PASS">
          <reporter-output>
          </reporter-output>
        </test-method> <!-- afterSuite -->
      </class> <!-- MyTest -->
    </test> <!-- Default test -->
  </suite> <!-- Default suite -->
</testng-results>
